This file contains any messages produced by compilers while
running configure, to aid debugging if configure makes a mistake.

It was created by fuego configure 1.1.SVN, which was
generated by GNU Autoconf 2.61.  Invocation command line was

  $ ../../configure --enable-maintainer-mode --enable-max-size=9

## --------- ##
## Platform. ##
## --------- ##

hostname = Merlyns-MacBook-Pro.local
uname -m = x86_64
uname -r = 11.4.2
uname -s = Darwin
uname -v = Darwin Kernel Version 11.4.2: Thu Aug 23 16:25:48 PDT 2012; root:xnu-1699.32.7~1/RELEASE_X86_64

/usr/bin/uname -p = i386
/bin/uname -X     = unknown

/bin/arch              = unknown
/usr/bin/arch -k       = unknown
/usr/convex/getsysinfo = unknown
/usr/bin/hostinfo      = Mach kernel version:
	 Darwin Kernel Version 11.4.2: Thu Aug 23 16:25:48 PDT 2012; root:xnu-1699.32.7~1/RELEASE_X86_64
Kernel configured for up to 8 processors.
4 processors are physically available.
8 processors are logically available.
Processor type: i486 (Intel 80486)
Processors active: 0 1 2 3 4 5 6 7
Primary memory available: 8.00 gigabytes
Default processor set: 134 tasks, 738 threads, 8 processors
Load average: 2.49, Mach factor: 5.50
/bin/machine           = unknown
/usr/bin/oslevel       = unknown
/bin/universe          = unknown

PATH: /Users/merlyn/.rbenv/shims
PATH: /Library/Java/JavaVirtualMachines/jdk1.7.0_21.jdk/Contents/Home/bin
PATH: /usr/local/bin
PATH: /usr/bin
PATH: /bin
PATH: /usr/sbin
PATH: /sbin
PATH: /usr/X11/bin
PATH: /usr/local/git/bin
PATH: /Users/merlyn/Apps/gradle-1.6/bin
PATH: /usr/local/sbin
PATH: /Users/merlyn/bin
PATH: /usr/local/share/npm/bin


## ----------- ##
## Core tests. ##
## ----------- ##

configure:1857: checking for a BSD-compatible install
configure:1913: result: /usr/bin/install -c
configure:1924: checking whether build environment is sane
configure:1967: result: yes
configure:1995: checking for a thread-safe mkdir -p
configure:2034: result: ../../install-sh -c -d
configure:2047: checking for gawk
configure:2077: result: no
configure:2047: checking for mawk
configure:2077: result: no
configure:2047: checking for nawk
configure:2077: result: no
configure:2047: checking for awk
configure:2063: found /usr/bin/awk
configure:2074: result: awk
configure:2085: checking whether make sets $(MAKE)
configure:2106: result: yes
configure:2294: checking whether to enable maintainer-specific portions of Makefiles
configure:2303: result: yes
configure:2432: checking for C++ compiler version
configure:2439: g++ --version >&5
i686-apple-darwin11-llvm-g++-4.2 (GCC) 4.2.1 (Based on Apple Inc. build 5658) (LLVM build 2336.11.00)
Copyright (C) 2007 Free Software Foundation, Inc.
This is free software; see the source for copying conditions.  There is NO
warranty; not even for MERCHANTABILITY or FITNESS FOR A PARTICULAR PURPOSE.

configure:2442: $? = 0
configure:2449: g++ -v >&5
Using built-in specs.
Target: i686-apple-darwin11
Configured with: /private/var/tmp/llvmgcc42/llvmgcc42-2336.11~182/src/configure --disable-checking --enable-werror --prefix=/Applications/Xcode.app/Contents/Developer/usr/llvm-gcc-4.2 --mandir=/share/man --enable-languages=c,objc,c++,obj-c++ --program-prefix=llvm- --program-transform-name=/^[cg][^.-]*$/s/$/-4.2/ --with-slibdir=/usr/lib --build=i686-apple-darwin11 --enable-llvm=/private/var/tmp/llvmgcc42/llvmgcc42-2336.11~182/dst-llvmCore/Developer/usr/local --program-prefix=i686-apple-darwin11- --host=x86_64-apple-darwin11 --target=i686-apple-darwin11 --with-gxx-include-dir=/usr/include/c++/4.2.1
Thread model: posix
gcc version 4.2.1 (Based on Apple Inc. build 5658) (LLVM build 2336.11.00)
configure:2452: $? = 0
configure:2459: g++ -V >&5
llvm-g++-4.2: argument to `-V' is missing
configure:2462: $? = 1
configure:2485: checking for C++ compiler default output file name
configure:2512: g++ -O3 -ffast-math -g -pipe   conftest.cpp  >&5
configure:2515: $? = 0
configure:2553: result: a.out
configure:2570: checking whether the C++ compiler works
configure:2580: ./a.out
configure:2583: $? = 0
configure:2600: result: yes
configure:2607: checking whether we are cross compiling
configure:2609: result: no
configure:2612: checking for suffix of executables
configure:2619: g++ -o conftest -O3 -ffast-math -g -pipe   conftest.cpp  >&5
configure:2622: $? = 0
configure:2646: result: 
configure:2652: checking for suffix of object files
configure:2678: g++ -c -O3 -ffast-math -g -pipe  conftest.cpp >&5
configure:2681: $? = 0
configure:2704: result: o
configure:2708: checking whether we are using the GNU C++ compiler
configure:2737: g++ -c -O3 -ffast-math -g -pipe  conftest.cpp >&5
configure:2743: $? = 0
configure:2760: result: yes
configure:2765: checking whether g++ accepts -g
configure:2795: g++ -c -g  conftest.cpp >&5
configure:2801: $? = 0
configure:2900: result: yes
configure:2934: checking for style of include used by make
configure:2962: result: GNU
configure:2987: checking dependency style of g++
configure:3078: result: gcc3
configure:3136: checking for ranlib
configure:3152: found /usr/bin/ranlib
configure:3163: result: ranlib
configure:3240: checking for boostlib >= 1.33.1
configure:3319: g++ -c -O3 -ffast-math -g -pipe  -I/usr/local/include conftest.cpp >&5
configure:3325: $? = 0
configure:3331: result: yes
configure:3561: checking for gcc
configure:3577: found /usr/bin/gcc
configure:3588: result: gcc
configure:3826: checking for C compiler version
configure:3833: gcc --version >&5
i686-apple-darwin11-llvm-gcc-4.2 (GCC) 4.2.1 (Based on Apple Inc. build 5658) (LLVM build 2336.11.00)
Copyright (C) 2007 Free Software Foundation, Inc.
This is free software; see the source for copying conditions.  There is NO
warranty; not even for MERCHANTABILITY or FITNESS FOR A PARTICULAR PURPOSE.

configure:3836: $? = 0
configure:3843: gcc -v >&5
Using built-in specs.
Target: i686-apple-darwin11
Configured with: /private/var/tmp/llvmgcc42/llvmgcc42-2336.11~182/src/configure --disable-checking --enable-werror --prefix=/Applications/Xcode.app/Contents/Developer/usr/llvm-gcc-4.2 --mandir=/share/man --enable-languages=c,objc,c++,obj-c++ --program-prefix=llvm- --program-transform-name=/^[cg][^.-]*$/s/$/-4.2/ --with-slibdir=/usr/lib --build=i686-apple-darwin11 --enable-llvm=/private/var/tmp/llvmgcc42/llvmgcc42-2336.11~182/dst-llvmCore/Developer/usr/local --program-prefix=i686-apple-darwin11- --host=x86_64-apple-darwin11 --target=i686-apple-darwin11 --with-gxx-include-dir=/usr/include/c++/4.2.1
Thread model: posix
gcc version 4.2.1 (Based on Apple Inc. build 5658) (LLVM build 2336.11.00)
configure:3846: $? = 0
configure:3853: gcc -V >&5
llvm-gcc-4.2: argument to `-V' is missing
configure:3856: $? = 1
configure:3859: checking whether we are using the GNU C compiler
configure:3888: gcc -c   conftest.c >&5
configure:3894: $? = 0
configure:3911: result: yes
configure:3916: checking whether gcc accepts -g
configure:3946: gcc -c -g  conftest.c >&5
configure:3952: $? = 0
configure:4051: result: yes
configure:4068: checking for gcc option to accept ISO C89
configure:4142: gcc  -c -g -O2  conftest.c >&5
configure:4148: $? = 0
configure:4171: result: none needed
configure:4191: checking dependency style of gcc
configure:4282: result: gcc3
configure:4303: checking build system type
configure:4321: result: i386-apple-darwin11.4.2
configure:4376: checking whether the Boost::Thread library is available
configure:4418: g++ -c -pthread -O3 -ffast-math -g -pipe  -I/usr/local/include conftest.cpp >&5
configure:4424: $? = 0
configure:4447: result: yes
configure:4478: checking for exit in -lboost_thread-mt
configure:4513: gcc -o conftest -g -O2  -I/usr/local/include  -L/usr/local/lib conftest.c -lboost_thread-mt   >&5
conftest.c:19: warning: conflicting types for built-in function 'exit'
configure:4519: $? = 0
configure:4538: result: yes
configure:4752: checking whether the Boost::System library is available
configure:4786: g++ -c -O3 -ffast-math -g -pipe  -pthread -I/usr/local/include conftest.cpp >&5
configure:4792: $? = 0
configure:4815: result: yes
configure:4832: checking for exit in -lboost_system-mt
configure:4867: gcc -o conftest -g -O2  -pthread -I/usr/local/include  -L/usr/local/lib conftest.c -lboost_system-mt   >&5
conftest.c:20: warning: conflicting types for built-in function 'exit'
configure:4873: $? = 0
configure:4892: result: yes
configure:5097: checking whether the Boost::Date_Time library is available
configure:5131: g++ -c -O3 -ffast-math -g -pipe  -pthread -I/usr/local/include conftest.cpp >&5
configure:5137: $? = 0
configure:5159: result: yes
configure:5172: checking for exit in -lboost_date_time-mt
configure:5207: gcc -o conftest -g -O2  -pthread -I/usr/local/include  -L/usr/local/lib conftest.c -lboost_date_time-mt   >&5
conftest.c:21: warning: conflicting types for built-in function 'exit'
configure:5213: $? = 0
configure:5232: result: yes
configure:5435: checking whether the Boost::Filesystem library is available
configure:5469: g++ -c -O3 -ffast-math -g -pipe  -pthread -I/usr/local/include conftest.cpp >&5
configure:5475: $? = 0
configure:5497: result: yes
configure:5510: checking for exit in -lboost_filesystem-mt
configure:5545: gcc -o conftest -g -O2  -pthread -I/usr/local/include  -L/usr/local/lib conftest.c -lboost_filesystem-mt   -lboost_system-mt >&5
conftest.c:22: warning: conflicting types for built-in function 'exit'
configure:5551: $? = 0
configure:5570: result: yes
configure:5774: checking whether the Boost::Program_Options library is available
configure:5808: g++ -c -O3 -ffast-math -g -pipe  -pthread -I/usr/local/include conftest.cpp >&5
configure:5814: $? = 0
configure:5836: result: yes
configure:5849: checking for exit in -lboost_program_options-mt
configure:5884: gcc -o conftest -g -O2  -pthread -I/usr/local/include  -L/usr/local/lib conftest.c -lboost_program_options-mt   >&5
conftest.c:23: warning: conflicting types for built-in function 'exit'
configure:5890: $? = 0
configure:5909: result: yes
configure:6105: checking whether the Boost::Unit_Test_Framework library is available
configure:6138: g++ -c -O3 -ffast-math -g -pipe  -pthread -I/usr/local/include conftest.cpp >&5
configure:6144: $? = 0
configure:6166: result: yes
configure:6325: checking for __sync_synchronize
configure:6341: gcc -o conftest -g -O2   conftest.c  >&5
configure:6347: $? = 0
configure:6363: result: yes
configure:6429: checking host system type
configure:6444: result: i386-apple-darwin11.4.2
configure:6478: checking how to run the C preprocessor
configure:6518: gcc -E  conftest.c
configure:6524: $? = 0
configure:6555: gcc -E  conftest.c
conftest.c:20:28: error: ac_nonexistent.h: No such file or directory
configure:6561: $? = 1
configure: failed program was:
| /* confdefs.h.  */
| #define PACKAGE_NAME "fuego"
| #define PACKAGE_TARNAME "fuego"
| #define PACKAGE_VERSION "1.1.SVN"
| #define PACKAGE_STRING "fuego 1.1.SVN"
| #define PACKAGE_BUGREPORT ""
| #define PACKAGE "fuego"
| #define VERSION "1.1.SVN"
| #define HAVE_BOOST
| #define HAVE_BOOST_THREAD
| #define HAVE_BOOST_SYSTEM
| #define HAVE_BOOST_DATE_TIME
| #define HAVE_BOOST_FILESYSTEM
| #define HAVE_BOOST_PROGRAM_OPTIONS
| #define HAVE_BOOST_UNIT_TEST_FRAMEWORK
| #define SG_DEFINE_MAX_SIZE 9
| #define HAVE_SYNC_SYNCHRONIZE 1
| #define HOST_CPU "i386"
| /* end confdefs.h.  */
| #include <ac_nonexistent.h>
configure:6594: result: gcc -E
configure:6623: gcc -E  conftest.c
configure:6629: $? = 0
configure:6660: gcc -E  conftest.c
conftest.c:20:28: error: ac_nonexistent.h: No such file or directory
configure:6666: $? = 1
configure: failed program was:
| /* confdefs.h.  */
| #define PACKAGE_NAME "fuego"
| #define PACKAGE_TARNAME "fuego"
| #define PACKAGE_VERSION "1.1.SVN"
| #define PACKAGE_STRING "fuego 1.1.SVN"
| #define PACKAGE_BUGREPORT ""
| #define PACKAGE "fuego"
| #define VERSION "1.1.SVN"
| #define HAVE_BOOST
| #define HAVE_BOOST_THREAD
| #define HAVE_BOOST_SYSTEM
| #define HAVE_BOOST_DATE_TIME
| #define HAVE_BOOST_FILESYSTEM
| #define HAVE_BOOST_PROGRAM_OPTIONS
| #define HAVE_BOOST_UNIT_TEST_FRAMEWORK
| #define SG_DEFINE_MAX_SIZE 9
| #define HAVE_SYNC_SYNCHRONIZE 1
| #define HOST_CPU "i386"
| /* end confdefs.h.  */
| #include <ac_nonexistent.h>
configure:6704: checking for grep that handles long lines and -e
configure:6778: result: /usr/bin/grep
configure:6783: checking for egrep
configure:6861: result: /usr/bin/grep -E
configure:6866: checking for ANSI C header files
configure:6896: gcc -c -g -O2  conftest.c >&5
configure:6902: $? = 0
configure:7001: gcc -o conftest -g -O2   conftest.c  >&5
configure:7004: $? = 0
configure:7010: ./conftest
configure:7013: $? = 0
configure:7030: result: yes
configure:7054: checking for sys/types.h
configure:7075: gcc -c -g -O2  conftest.c >&5
configure:7081: $? = 0
configure:7097: result: yes
configure:7054: checking for sys/stat.h
configure:7075: gcc -c -g -O2  conftest.c >&5
configure:7081: $? = 0
configure:7097: result: yes
configure:7054: checking for stdlib.h
configure:7075: gcc -c -g -O2  conftest.c >&5
configure:7081: $? = 0
configure:7097: result: yes
configure:7054: checking for string.h
configure:7075: gcc -c -g -O2  conftest.c >&5
configure:7081: $? = 0
configure:7097: result: yes
configure:7054: checking for memory.h
configure:7075: gcc -c -g -O2  conftest.c >&5
configure:7081: $? = 0
configure:7097: result: yes
configure:7054: checking for strings.h
configure:7075: gcc -c -g -O2  conftest.c >&5
configure:7081: $? = 0
configure:7097: result: yes
configure:7054: checking for inttypes.h
configure:7075: gcc -c -g -O2  conftest.c >&5
configure:7081: $? = 0
configure:7097: result: yes
configure:7054: checking for stdint.h
configure:7075: gcc -c -g -O2  conftest.c >&5
configure:7081: $? = 0
configure:7097: result: yes
configure:7054: checking for unistd.h
configure:7075: gcc -c -g -O2  conftest.c >&5
configure:7081: $? = 0
configure:7097: result: yes
configure:7124: checking sys/sysctl.h usability
configure:7141: gcc -c -g -O2  conftest.c >&5
configure:7147: $? = 0
configure:7161: result: yes
configure:7165: checking sys/sysctl.h presence
configure:7180: gcc -E  conftest.c
configure:7186: $? = 0
configure:7200: result: yes
configure:7228: checking for sys/sysctl.h
configure:7236: result: yes
configure:7249: checking CXXFLAGS for maximum warnings
configure:7285: g++ -c -O3 -ffast-math -g -pipe -DNDEBUG -pedantic  -Wall  conftest.cpp >&5
configure:7291: $? = 0
configure:7315: result: -Wall
configure:7328: : CXXFLAGS="$CXXFLAGS $ax_cv_cxxflags_warn_all"
configure:7331: $? = 0
configure:7338: checking CXXFLAGS for gcc -Wextra
configure:7375: g++ -c -O3 -ffast-math -g -pipe -DNDEBUG -Wall -pedantic -Werror  -Wextra  conftest.cpp >&5
configure:7381: $? = 0
configure:7405: result: -Wextra
configure:7418: : CXXFLAGS="$CXXFLAGS $var"
configure:7421: $? = 0
configure:7559: creating ./config.status

## ---------------------- ##
## Running config.status. ##
## ---------------------- ##

This file was extended by fuego config.status 1.1.SVN, which was
generated by GNU Autoconf 2.61.  Invocation command line was

  CONFIG_FILES    = 
  CONFIG_HEADERS  = 
  CONFIG_LINKS    = 
  CONFIG_COMMANDS = 
  $ ./config.status 

on Merlyns-MacBook-Pro.local

config.status:675: creating Makefile
config.status:675: creating book/Makefile
config.status:675: creating regression/Makefile
config.status:675: creating misctests/Makefile
config.status:675: creating fuegomain/Makefile
config.status:675: creating fuegotest/Makefile
config.status:675: creating go/Makefile
config.status:675: creating gouct/Makefile
config.status:675: creating gtpengine/Makefile
config.status:675: creating simpleplayers/Makefile
config.status:675: creating smartgame/Makefile
config.status:675: creating unittestmain/Makefile
config.status:675: creating config.h
config.status:951: executing depfiles commands

## ---------------- ##
## Cache variables. ##
## ---------------- ##

ac_cv_build=i386-apple-darwin11.4.2
ac_cv_c_compiler_gnu=yes
ac_cv_cxx_compiler_gnu=yes
ac_cv_env_CCC_set=
ac_cv_env_CCC_value=
ac_cv_env_CC_set=
ac_cv_env_CC_value=
ac_cv_env_CFLAGS_set=
ac_cv_env_CFLAGS_value=
ac_cv_env_CPPFLAGS_set=
ac_cv_env_CPPFLAGS_value=
ac_cv_env_CPP_set=
ac_cv_env_CPP_value=
ac_cv_env_CXXFLAGS_set=set
ac_cv_env_CXXFLAGS_value='-O3 -ffast-math -g -pipe'
ac_cv_env_CXX_set=set
ac_cv_env_CXX_value=g++
ac_cv_env_LDFLAGS_set=
ac_cv_env_LDFLAGS_value=
ac_cv_env_LIBS_set=
ac_cv_env_LIBS_value=
ac_cv_env_build_alias_set=
ac_cv_env_build_alias_value=
ac_cv_env_host_alias_set=
ac_cv_env_host_alias_value=
ac_cv_env_target_alias_set=
ac_cv_env_target_alias_value=
ac_cv_header_inttypes_h=yes
ac_cv_header_memory_h=yes
ac_cv_header_stdc=yes
ac_cv_header_stdint_h=yes
ac_cv_header_stdlib_h=yes
ac_cv_header_string_h=yes
ac_cv_header_strings_h=yes
ac_cv_header_sys_stat_h=yes
ac_cv_header_sys_sysctl_h=yes
ac_cv_header_sys_types_h=yes
ac_cv_header_unistd_h=yes
ac_cv_host=i386-apple-darwin11.4.2
ac_cv_lib_boost_date_time_mt___exit=yes
ac_cv_lib_boost_filesystem_mt___exit=yes
ac_cv_lib_boost_program_options_mt___exit=yes
ac_cv_lib_boost_system_mt___exit=yes
ac_cv_lib_boost_thread_mt___exit=yes
ac_cv_objext=o
ac_cv_path_EGREP='/usr/bin/grep -E'
ac_cv_path_GREP=/usr/bin/grep
ac_cv_path_install='/usr/bin/install -c'
ac_cv_prog_AWK=awk
ac_cv_prog_CPP='gcc -E'
ac_cv_prog_ac_ct_CC=gcc
ac_cv_prog_ac_ct_RANLIB=ranlib
ac_cv_prog_cc_c89=
ac_cv_prog_cc_g=yes
ac_cv_prog_cxx_g=yes
ac_cv_prog_make_make_set=yes
am_cv_CC_dependencies_compiler_type=gcc3
am_cv_CXX_dependencies_compiler_type=gcc3
ax_cv_boost_date_time=yes
ax_cv_boost_filesystem=yes
ax_cv_boost_program_options=yes
ax_cv_boost_system=yes
ax_cv_boost_thread=yes
ax_cv_boost_unit_test_framework=yes
ax_cv_cxxflags_gcc_option__Wextra=-Wextra
ax_cv_cxxflags_warn_all=-Wall

## ----------------- ##
## Output variables. ##
## ----------------- ##

ACLOCAL='${SHELL} /Users/merlyn/fun/node-fuego/fuego-code/trunk/missing --run aclocal-1.10'
AMDEPBACKSLASH='\'
AMDEP_FALSE='#'
AMDEP_TRUE=''
AMTAR='${SHELL} /Users/merlyn/fun/node-fuego/fuego-code/trunk/missing --run tar'
AUTOCONF='${SHELL} /Users/merlyn/fun/node-fuego/fuego-code/trunk/missing --run autoconf'
AUTOHEADER='${SHELL} /Users/merlyn/fun/node-fuego/fuego-code/trunk/missing --run autoheader'
AUTOMAKE='${SHELL} /Users/merlyn/fun/node-fuego/fuego-code/trunk/missing --run automake-1.10'
AWK='awk'
BOOST_CPPFLAGS='-pthread -I/usr/local/include'
BOOST_DATE_TIME_LIB='-lboost_date_time-mt'
BOOST_FILESYSTEM_LIB='-lboost_filesystem-mt'
BOOST_LDFLAGS='-L/usr/local/lib'
BOOST_PROGRAM_OPTIONS_LIB='-lboost_program_options-mt'
BOOST_SYSTEM_LIB='-lboost_system-mt'
BOOST_THREAD_LIB='-lboost_thread-mt'
BOOST_UNIT_TEST_FRAMEWORK_LIB='-lboost_unit_test_framework-mt'
CC='gcc'
CCDEPMODE='depmode=gcc3'
CFLAGS='-g -O2'
CPP='gcc -E'
CPPFLAGS=''
CXX='g++'
CXXDEPMODE='depmode=gcc3'
CXXFLAGS='-O3 -ffast-math -g -pipe -DNDEBUG -Wall -Wextra'
CYGPATH_W='echo'
DEFS='-DHAVE_CONFIG_H'
DEPDIR='.deps'
ECHO_C='ECHO_N=''
ECHO_T=''
EGREP='/usr/bin/grep -E'
EXEEXT=''
GREP='/usr/bin/grep'
INSTALL_DATA='${INSTALL} -m 644'
INSTALL_PROGRAM='${INSTALL}'
INSTALL_SCRIPT='${INSTALL}'
INSTALL_STRIP_PROGRAM='$(install_sh) -c -s'
LDFLAGS=''
LIBOBJS=''
LIBS=''
LTLIBOBJS=''
MAINT=''
MAINTAINER_MODE_FALSE='#'
MAINTAINER_MODE_TRUE=''
MAKEINFO='${SHELL} /Users/merlyn/fun/node-fuego/fuego-code/trunk/missing --run makeinfo'
OBJEXT='o'
PACKAGE='fuego'
PACKAGE_BUGREPORT=''
PACKAGE_NAME='fuego'
PACKAGE_STRING='fuego 1.1.SVN'
PACKAGE_TARNAME='fuego'
PACKAGE_VERSION='1.1.SVN'
PATH_SEPARATOR=':'
RANLIB='ranlib'
SET_MAKE=''
SHELL='/bin/sh'
STRIP=''
VERSION='1.1.SVN'
ac_ct_CC='gcc'
ac_ct_CXX=''
am__fastdepCC_FALSE='#'
am__fastdepCC_TRUE=''
am__fastdepCXX_FALSE='#'
am__fastdepCXX_TRUE=''
am__include='include'
am__isrc=' -I$(srcdir)'
am__leading_dot='.'
am__quote=''
am__tar='${AMTAR} chof - "$$tardir"'
am__untar='${AMTAR} xf -'
bindir='${exec_prefix}/bin'
build='i386-apple-darwin11.4.2'
build_alias=''
build_cpu='i386'
build_os='darwin11.4.2'
build_vendor='apple'
datadir='${datarootdir}'
datarootdir='${prefix}/share'
docdir='${datarootdir}/doc/${PACKAGE_TARNAME}'
dvidir='${docdir}'
exec_prefix='${prefix}'
host='i386-apple-darwin11.4.2'
host_alias=''
host_cpu='i386'
host_os='darwin11.4.2'
host_vendor='apple'
htmldir='${docdir}'
includedir='${prefix}/include'
infodir='${datarootdir}/info'
install_sh='$(SHELL) /Users/merlyn/fun/node-fuego/fuego-code/trunk/install-sh'
libdir='${exec_prefix}/lib'
libexecdir='${exec_prefix}/libexec'
localedir='${datarootdir}/locale'
localstatedir='${prefix}/var'
mandir='${datarootdir}/man'
mkdir_p='$(top_builddir)/../../install-sh -c -d'
oldincludedir='/usr/include'
pdfdir='${docdir}'
prefix='/usr/local'
program_transform_name='s,x,x,'
psdir='${docdir}'
sbindir='${exec_prefix}/sbin'
sharedstatedir='${prefix}/com'
sysconfdir='${prefix}/etc'
target_alias=''

## ----------- ##
## confdefs.h. ##
## ----------- ##

#define PACKAGE_NAME "fuego"
#define PACKAGE_TARNAME "fuego"
#define PACKAGE_VERSION "1.1.SVN"
#define PACKAGE_STRING "fuego 1.1.SVN"
#define PACKAGE_BUGREPORT ""
#define PACKAGE "fuego"
#define VERSION "1.1.SVN"
#define HAVE_BOOST
#define HAVE_BOOST_THREAD
#define HAVE_BOOST_SYSTEM
#define HAVE_BOOST_DATE_TIME
#define HAVE_BOOST_FILESYSTEM
#define HAVE_BOOST_PROGRAM_OPTIONS
#define HAVE_BOOST_UNIT_TEST_FRAMEWORK
#define SG_DEFINE_MAX_SIZE 9
#define HAVE_SYNC_SYNCHRONIZE 1
#define HOST_CPU "i386"
#define STDC_HEADERS 1
#define HAVE_SYS_TYPES_H 1
#define HAVE_SYS_STAT_H 1
#define HAVE_STDLIB_H 1
#define HAVE_STRING_H 1
#define HAVE_MEMORY_H 1
#define HAVE_STRINGS_H 1
#define HAVE_INTTYPES_H 1
#define HAVE_STDINT_H 1
#define HAVE_UNISTD_H 1
#define HAVE_SYS_SYSCTL_H 1

configure: exit 0
